<?xml version="1.0" encoding="UTF-8"?>
<!-- Generated by org.testng.reporters.JUnitReportReporter -->
<testsuite skipped="0" hostname="CHN-WS08" name="java_SeleniumQuestions.TC_1_FaceBookLoginTest" tests="1" failures="0" timestamp="17 Sep 2020 07:48:09 GMT" time="0.202" errors="0">
  <testcase name="TC_1_FaceBookLogin" time="0.202" classname="java_SeleniumQuestions.TC_1_FaceBookLoginTest"/>
</testsuite> <!-- java_SeleniumQuestions.TC_1_FaceBookLoginTest -->
