<?xml version="1.0" encoding="UTF-8"?>
<!-- Generated by org.testng.reporters.JUnitReportReporter -->
<testsuite hostname="CHN-WS08" name="usersQuestions.com.CheckLinks_workingORnot" tests="1" failures="0" timestamp="6 Sep 2020 09:08:58 GMT" time="7.350" errors="0">
  <testcase name="checkLinks" time="7.350" classname="usersQuestions.com.CheckLinks_workingORnot"/>
</testsuite> <!-- usersQuestions.com.CheckLinks_workingORnot -->
