<?xml version="1.0" encoding="UTF-8"?>
<!-- Generated by org.testng.reporters.JUnitReportReporter -->
<testsuite skipped="0" hostname="CHN-WS08" name="yatraLogin.com.Check" tests="1" failures="0" timestamp="24 Sep 2020 07:59:14 GMT" time="10.050" errors="0">
  <testcase name="test1" time="10.050" classname="yatraLogin.com.Check"/>
</testsuite> <!-- yatraLogin.com.Check -->
