<?xml version="1.0" encoding="UTF-8"?>
<!-- Generated by org.testng.reporters.JUnitReportReporter -->
<testsuite hostname="CHN-WS08" name="automationFramework.com.EncapsulationClass" tests="1" failures="0" timestamp="20 Oct 2020 11:52:34 GMT" time="8.705" errors="0">
  <testcase name="launchApp" time="8.705" classname="automationFramework.com.EncapsulationClass"/>
</testsuite> <!-- automationFramework.com.EncapsulationClass -->
