<?xml version="1.0" encoding="UTF-8"?>
<!-- Generated by org.testng.reporters.JUnitReportReporter -->
<testsuite skipped="0" hostname="CHN-WS08" name="testngInterviewQuestions.com.DisplayPageCertaintime" tests="1" failures="0" timestamp="27 Sep 2020 07:26:33 GMT" time="9.789" errors="0">
  <testcase name="launchYatraSign" time="9.789" classname="testngInterviewQuestions.com.DisplayPageCertaintime"/>
</testsuite> <!-- testngInterviewQuestions.com.DisplayPageCertaintime -->
