<?xml version="1.0" encoding="UTF-8"?>
<!-- Generated by org.testng.reporters.JUnitReportReporter -->
<testsuite skipped="0" hostname="CHN-WS08" name="yatralogin.com.TC1_YatraLogin" tests="1" failures="0" timestamp="24 Sep 2020 09:06:36 GMT" time="13.522" errors="0">
  <testcase name="TC1_YatraLoginTestCase" time="13.522" classname="yatralogin.com.TC1_YatraLogin"/>
</testsuite> <!-- yatralogin.com.TC1_YatraLogin -->
