<?xml version="1.0" encoding="UTF-8"?>
<!-- Generated by org.testng.reporters.JUnitReportReporter -->
<testsuite skipped="0" hostname="CHN-WS08" name="seleniumQuestions.com.LocatorsElements" tests="1" failures="0" timestamp="01 Oct 2020 10:54:37 GMT" time="1.121" errors="0">
  <testcase name="xpathLocators" time="1.121" classname="seleniumQuestions.com.LocatorsElements"/>
</testsuite> <!-- seleniumQuestions.com.LocatorsElements -->
