<?xml version="1.0" encoding="UTF-8"?>
<!-- Generated by org.testng.reporters.JUnitReportReporter -->
<testsuite skipped="0" hostname="CHN-WS08" name="seleniumQuestions.com.CSS_id_class" tests="1" failures="0" timestamp="18 Sep 2020 09:19:37 GMT" time="0.006" errors="0">
  <testcase name="test1" time="0.006" classname="seleniumQuestions.com.CSS_id_class"/>
</testsuite> <!-- seleniumQuestions.com.CSS_id_class -->
