<?xml version="1.0" encoding="UTF-8"?>
<!-- Generated by org.testng.reporters.JUnitReportReporter -->
<testsuite skipped="0" hostname="CHN-WS08" name="testngInterviewQuestions.com.DisplayPageTimeOut" tests="1" failures="0" timestamp="27 Sep 2020 07:31:17 GMT" time="7.553" errors="0">
  <testcase name="yatraSignPage" time="7.553" classname="testngInterviewQuestions.com.DisplayPageTimeOut"/>
</testsuite> <!-- testngInterviewQuestions.com.DisplayPageTimeOut -->
