<?xml version="1.0" encoding="UTF-8"?>
<!-- Generated by org.testng.reporters.JUnitReportReporter -->
<testsuite skipped="0" hostname="CHN-WS08" name="testngInterviewQuestions.com.SoftAssertions" tests="1" failures="0" timestamp="18 Sep 2020 10:24:56 GMT" time="0.304" errors="0">
  <testcase name="InvalidLoginErrorMsg" time="0.304" classname="testngInterviewQuestions.com.SoftAssertions"/>
</testsuite> <!-- testngInterviewQuestions.com.SoftAssertions -->
