<?xml version="1.0" encoding="UTF-8"?>
<!-- Generated by org.testng.reporters.JUnitReportReporter -->
<testsuite skipped="0" hostname="CHN-WS08" name="java_SeleniumQuestions.TC_1_FaceBookTest" tests="1" failures="0" timestamp="17 Sep 2020 11:32:23 GMT" time="0.236" errors="0">
  <testcase name="TC1_FaceBookLogin" time="0.236" classname="java_SeleniumQuestions.TC_1_FaceBookTest"/>
</testsuite> <!-- java_SeleniumQuestions.TC_1_FaceBookTest -->
