<?xml version="1.0" encoding="UTF-8"?>
<!-- Generated by org.testng.reporters.JUnitReportReporter -->
<testsuite hostname="CHN-WS08" name="seleniumQuestions.com.DifferenceFollowing_Descendant" tests="1" failures="0" timestamp="15 Sep 2020 13:06:26 GMT" time="12.074" errors="0">
  <testcase name="differnce" time="12.074" classname="seleniumQuestions.com.DifferenceFollowing_Descendant"/>
</testsuite> <!-- seleniumQuestions.com.DifferenceFollowing_Descendant -->
