<?xml version="1.0" encoding="UTF-8"?>
<!-- Generated by org.testng.reporters.JUnitReportReporter -->
<testsuite skipped="0" hostname="CHN-WS08" name="testngInterviewQuestions.com.ExceptionTestFile" tests="1" failures="0" timestamp="27 Sep 2020 06:53:11 GMT" time="0.007" errors="0">
  <testcase name="runFile" time="0.007" classname="testngInterviewQuestions.com.ExceptionTestFile"/>
</testsuite> <!-- testngInterviewQuestions.com.ExceptionTestFile -->
