<?xml version="1.0" encoding="UTF-8"?>
<!-- Generated by org.testng.reporters.JUnitReportReporter -->
<testsuite skipped="0" hostname="CHN-WS08" name="testngInterviewQuestions.com.PriorityTestNG" tests="5" failures="0" timestamp="23 Sep 2020 05:34:19 GMT" time="8.660" errors="0">
  <testcase name="launchApp" time="7.307" classname="testngInterviewQuestions.com.PriorityTestNG"/>
  <testcase name="sampleTest" time="0.001" classname="testngInterviewQuestions.com.PriorityTestNG"/>
  <testcase name="clickonButtonTest" time="0.091" classname="testngInterviewQuestions.com.PriorityTestNG"/>
  <testcase name="userNameTest" time="1.182" classname="testngInterviewQuestions.com.PriorityTestNG"/>
  <testcase name="passwordTest" time="0.079" classname="testngInterviewQuestions.com.PriorityTestNG"/>
</testsuite> <!-- testngInterviewQuestions.com.PriorityTestNG -->
