<?xml version="1.0" encoding="UTF-8"?>
<!-- Generated by org.testng.reporters.JUnitReportReporter -->
<testsuite hostname="CHN-WS08" name="automationFramework.com.YatraSignPage_ReadConfig" tests="1" failures="0" timestamp="27 Oct 2020 12:12:33 GMT" time="4.324" errors="0">
  <testcase name="yatraSignInPage" time="4.324" classname="automationFramework.com.YatraSignPage_ReadConfig"/>
</testsuite> <!-- automationFramework.com.YatraSignPage_ReadConfig -->
