<?xml version="1.0" encoding="UTF-8"?>
<!-- Generated by org.testng.reporters.JUnitReportReporter -->
<testsuite skipped="0" hostname="CHN-WS08" name="automationFramework.com.SwitchClass" tests="1" failures="0" timestamp="01 Oct 2020 09:32:57 GMT" time="0.008" errors="0">
  <testcase name="test11" time="0.008" classname="automationFramework.com.SwitchClass"/>
</testsuite> <!-- automationFramework.com.SwitchClass -->
