<?xml version="1.0" encoding="UTF-8"?>
<!-- Generated by org.testng.reporters.JUnitReportReporter -->
<testsuite hostname="CHN-WS08" name="automationFramework.com.RunnerEncapClass" tests="1" failures="0" timestamp="20 Oct 2020 12:25:20 GMT" time="0.167" errors="0">
  <testcase name="runnerEncap" time="0.167" classname="automationFramework.com.RunnerEncapClass"/>
</testsuite> <!-- automationFramework.com.RunnerEncapClass -->
